time="2024-08-18T19:07:48+07:00" level=info msg="{\n    \"identifier\": \"082139154623\",\n    \"password\": \"tes\"\n}" fields.level=info group="Request Body: %s" request_id=0 user_id=0
time="2024-08-18T19:07:49+07:00" level=info fields.level=info group="Response Body: %s" request_id=16332b62ae7f09f6a208fda2586e4208 user_id=0
time="2024-08-18T20:11:12+07:00" level=info msg="request: [123 10 32 32 32 32 34 105 100 101 110 116 105 102 105 101 114 34 58 32 34 48 56 50 49 51 57 49 53 52 54 50 51 34 44 10 32 32 32 32 34 112 97 115 115 119 111 114 100 34 58 32 34 116 101 115 34 10 125]" fields.level=info group=/login request_id=5e919b322f4ea0665ca2a3c9e122d437 user_id=0
time="2024-08-18T20:13:51+07:00" level=info msg="request: {\n    \"identifier\": \"082139154623\",\n    \"password\": \"tes\"\n}" fields.level=info group=/login request_id=72436c9cf5624451af03499acea78d25 user_id=0
time="2024-08-18T20:14:50+07:00" level=info msg="request: {\n    \"identifier\": \"082139154623\",\n    \"password\": \"tes\"\n}" fields.level=info group=/login request_id=f5dfe8dce2cc442671c411d046c849fe user_id=0
time="2024-08-18T20:16:54+07:00" level=info msg="request: {\n    \"identifier\": \"082139154623\",\n    \"password\": \"tes\"\n}" fields.level=info group=/login request_id=fe08ba612366aaaccc05d3d683502250 user_id=0
time="2024-08-18T20:17:27+07:00" level=info msg="request: {\n    \"identifier\": \"082139154623\",\n    \"password\": \"tes\"\n}" fields.level=info group=/login request_id=f90e3a04f3f0cd1afdbaa3e96d6b6883 user_id=0
time="2024-08-18T22:16:27+07:00" level=info msg="request: {\n    \"identifier\": \"082139154623\",\n    \"password\": \"tes\"\n}" fields.level=info group=/login request_id=9f628ac766e1715556a78f5af480e102 user_id=0
time="2024-08-18T22:26:50+07:00" level=info msg="request: {\n    \"identifier\": \"082139154623\",\n    \"password\": \"tes\"\n}" fields.level=info group=/login request_id=2676882c91526253f40bd202bd8275ca user_id=0
time="2024-08-18T22:34:14+07:00" level=info msg="request: {\n    \"identifier\": \"082139154623\",\n    \"password\": \"tes\"\n}" fields.level=info group=/api/v1/login request_id=c0b683a60ef75421eabfeb8be97af051 user_id=0
time="2024-08-18T22:34:21+07:00" level=info msg="request: {\n    \"identifier\": \"082139154623\",\n    \"password\": \"tes\"\n}" fields.level=info group=/api/v1/auth/login request_id=2d3e35533b91bcd43c5d0a458a8e8639 user_id=0
time="2024-08-18T22:34:33+07:00" level=info msg="request: {\n    \"identifier\": \"082139154623\",\n    \"password\": \"tes\"\n}" fields.level=info group=/v1/auth/login request_id=65b6a87efafe0ebf0001a77dc7af25ca user_id=0
time="2024-08-18T23:35:20+07:00" level=info msg="request: {\n    \"identifier\": \"082139154623\",\n    \"password\": \"tes\"\n}" fields.level=info group=/v1/auth/login request_id=af58e5699b84b8e9dce17738da4af62d user_id=0
time="2024-08-18T23:35:30+07:00" level=info msg="request: {\n    \"identifier\": \"082139154623\",\n    \"password\": \"tes\"\n}" fields.level=info group=/api/v1/auth/login request_id=bc8f2f5b5fab325157f5ca752d12b883 user_id=0
time="2024-08-18T23:36:02+07:00" level=info msg="request: {\n    \"identifier\": \"082139154623\",\n    \"password\": \"tes\"\n}" fields.level=info group=/api/v1/auth/login request_id=d21b91d4f0ac00c33678e3bd583bac4c user_id=0
time="2024-08-18T23:36:07+07:00" level=info msg="request: {\n    \"identifier\": \"082139154623\",\n    \"password\": \"tes\"\n}" fields.level=info group=/api/v1/auth/login request_id=254528788ffa1a253e364ff1401be956 user_id=0
time="2024-08-18T23:36:10+07:00" level=info msg="request: {\n    \"identifier\": \"082139154623\",\n    \"password\": \"tes\"\n}" fields.level=info group=/api/v1/auth/login request_id=eefc624bae030894c3e465be485bb50f user_id=0
time="2024-08-18T23:36:11+07:00" level=info msg="request: {\n    \"identifier\": \"082139154623\",\n    \"password\": \"tes\"\n}" fields.level=info group=/api/v1/auth/login request_id=d5cc9f33903b19d9282dcce97a290dfe user_id=0
time="2024-08-18T23:36:46+07:00" level=info msg="request: {\n    \"identifier\": \"082139154623\",\n    \n}" fields.level=info group=/api/v1/auth/login request_id=ce517ee8ad23a03b542f9a95b3dcac98 user_id=0
time="2024-08-18T23:36:51+07:00" level=info msg="request: {\n    \"identifier\": \"082139154623\"\n    \n}" fields.level=info group=/api/v1/auth/login request_id=c92539a38003748d86f99afab85bcf11 user_id=0
time="2024-08-18T23:36:59+07:00" level=info msg="request: {\n    \"identifier\": \"082139154623\",\n    \"password\": \"tes\"\n}" fields.level=info group=/api/v1/auth/login request_id=80b9eac78157f5114978d4c039898f92 user_id=0
time="2024-08-18T23:37:37+07:00" level=info msg="request: " fields.level=info group=/metrics request_id=752b9ae1c87336c3caed2abbf93b5202 user_id=0
time="2024-08-18T23:37:38+07:00" level=info msg="request: " fields.level=info group=/favicon.ico request_id=2924908ed9c74f0ececbd1965198dcad user_id=0
time="2024-08-18T23:37:44+07:00" level=info msg="request: {\n    \"identifier\": \"082139154623\",\n    \"password\": \"tes\"\n}" fields.level=info group=/api/v1/auth/login request_id=b1c47b4bf95fd88766a8816d914d10db user_id=0
time="2024-08-18T23:37:45+07:00" level=info msg="request: {\n    \"identifier\": \"082139154623\",\n    \"password\": \"tes\"\n}" fields.level=info group=/api/v1/auth/login request_id=6dd5ed38ac912d36ee53038a35fb0cd9 user_id=0
time="2024-08-24T01:49:13+07:00" level=info msg="request: {\n    \"email\": \"082139154623\",\n    \"password\": \"tes\"\n}" fields.level=info group=/api/v1/auth/login request_id=2e02d7da158786faf359628bcfbc94bb user_id=0
time="2024-08-24T01:50:12+07:00" level=info msg="request: {\n    \"email\": \"082139154623\",\n    \"password\": \"tes\"\n}" fields.level=info group=/api/v1/auth/login request_id=890e5c6b86fec367d3b70a2b194c3f04 user_id=0
time="2024-08-24T01:50:41+07:00" level=info msg="request: {\n    \"email\": \"082139154623\",\n    \"password\": \"tes\"\n}" fields.level=info group=/api/v1/auth/login request_id=b72a3e468c906b9c75d1ba294920e444 user_id=0
time="2024-08-24T02:00:48+07:00" level=info msg="request: {\n    \"email\": \"082139154623\",\n    \"password\": \"tes\"\n}" fields.level=info group=/api/v1/auth/login request_id=7e9dfc2b0324f3ff97ee075fbbe23199 user_id=0
time="2024-08-24T02:02:36+07:00" level=info msg="request: {\n    \"email\": \"082139154623\",\n    \"password\": \"tes\"\n}" fields.level=info group=/api/v1/auth/login request_id=197928c3e0eb9d8b5c673f613549bdb8 user_id=0
time="2024-08-24T02:03:26+07:00" level=info msg="request: {\n    \"email\": \"082139154623\",\n    \"password\": \"tes\"\n}" fields.level=info group=/api/v1/auth/login request_id=207e3845314f9cf1b5e65655eabbce99 user_id=0
time="2024-08-24T02:17:21+07:00" level=info msg="request: {\n    \"email\": \"082139154623\",\n    \"password\": \"tes\"\n}" fields.level=info group=/api/v1/auth/login request_id=616c9d7d4b70ebc2ccdb3578b6cbfc32 user_id=0
time="2024-08-24T02:17:23+07:00" level=info msg="request: {\n    \"email\": \"082139154623\",\n    \"password\": \"tes\"\n}" fields.level=info group=/api/v1/auth/login request_id=456f3a738bb2f57ea52b1c8d9ace5989 user_id=0
time="2024-08-24T02:17:40+07:00" level=info msg="request: {\n    \"email\": \"admin@gmail.com\",\n    \"password\": \"password\"\n}" fields.level=info group=/api/v1/auth/login request_id=0679a164781f237a83f84b3494c888e8 user_id=0
time="2024-08-24T02:18:03+07:00" level=info msg="request: {\n    \"email\": \"admin@gmail.com\",\n    \"password\": \"password\"\n}" fields.level=info group=/api/v1/auth/login request_id=a449b9692c339b484f44679df6ae5423 user_id=0
time="2024-08-24T02:19:05+07:00" level=info msg="request: {\n    \"email\": \"admin@gmail.com\",\n    \"password\": \"password\"\n}" fields.level=info group=/api/v1/auth/login request_id=6bd0fe49c227ee46a5fdb90772f5ef8d user_id=0
time="2024-08-24T02:19:13+07:00" level=info msg="request: {\n    \"email\": \"admin@gmail.com\",\n    \"password\": \"password\"\n}" fields.level=info group=/api/v1/auth/login request_id=9eb29864a860ccf91b2a0c023e92c2d8 user_id=0
time="2024-08-24T02:19:45+07:00" level=info msg="request: {\n    \"email\": \"admin@gmail.com\",\n    \"password\": \"password\"\n}" fields.level=info group=/api/v1/auth/login request_id=4e24640906e43736f1b6b59fe52263fe user_id=0
time="2024-08-24T02:20:19+07:00" level=info msg="request: {\n    \"email\": \"admin@gmail.com\",\n    \"password\": \"password\"\n}" fields.level=info group=/api/v1/auth/login request_id=d1681cf7b68a76927fadd89884b2b581 user_id=0
time="2024-08-24T02:20:23+07:00" level=info msg="request: {\n    \"email\": \"admin@gmail.com\",\n    \"password\": \"password\"\n}" fields.level=info group=/api/v1/auth/login request_id=cd5d5e8b45051c74eaf81b411d4ba292 user_id=0
time="2024-08-24T02:20:25+07:00" level=info msg="request: {\n    \"email\": \"admin@gmail.com\",\n    \"password\": \"password\"\n}" fields.level=info group=/api/v1/auth/login request_id=2964cdf5739ab96ac6be3c2d69a1c96c user_id=0
time="2024-08-24T02:20:28+07:00" level=info msg="request: {\n    \"email\": \"admin@gmail.com\",\n    \"password\": \"password\"\n}" fields.level=info group=/api/v1/auth/login request_id=73a2129fc3b7f7f0643f29e76f32df28 user_id=0
time="2024-08-24T02:24:46+07:00" level=info msg="request: {\n    \"email\": \"admin@gmail.com\",\n    \"password\": \"password\"\n}" fields.level=info group=/api/v1/auth/login request_id=bc0999fb16761a1b15cf5f88ceb0145c user_id=0
time="2024-08-24T02:24:57+07:00" level=info msg="request: {\n    \"email\": \"admin@gmail.com\",\n    \"password\": \"password\"\n}" fields.level=info group=/api/v1/auth/login request_id=bc50aa28ce6eae282994ea68564e1707 user_id=0
time="2024-08-24T02:25:27+07:00" level=info msg="request: {\n    \"email\": \"admin@gmail.com\",\n    \"password\": \"password\"\n}" fields.level=info group=/api/v1/auth/login request_id=7552e7ce78e1b473331f7d808900d55c user_id=0
time="2024-08-24T02:35:03+07:00" level=info msg="request: {\n    \"email\": \"admin@gmail.com\",\n    \"password\": \"password\"\n}" fields.level=info group=/api/v1/auth/login request_id=215f503139a00f8942ca10e70221167d user_id=0
time="2024-08-24T02:35:50+07:00" level=info msg="request: {\n    \"email\": \"admin@gmail.com\",\n    \"password\": \"password\"\n}" fields.level=info group=/api/v1/auth/login request_id=89f2b27b5fdeb25362c4c1879ba16e4b user_id=0
time="2024-08-24T02:35:56+07:00" level=info msg="request: {\n    \"email\": \"admin@gmail.com\",\n    \"password\": \"password\"\n}" fields.level=info group=/api/v1/auth/login request_id=504dce72bc7b7e94879ee3e01bcca2fe user_id=0
time="2024-08-24T02:35:58+07:00" level=info msg="request: {\n    \"email\": \"admin@gmail.com\",\n    \"password\": \"password\"\n}" fields.level=info group=/api/v1/auth/login request_id=64a0f099d4a3804fdf7db55523f03f52 user_id=0
time="2024-08-24T02:36:00+07:00" level=info msg="request: {\n    \"email\": \"admin@gmail.com\",\n    \"password\": \"password\"\n}" fields.level=info group=/api/v1/auth/login request_id=33ea87b39f7862951d8096b289463851 user_id=0
time="2024-08-24T02:36:01+07:00" level=info msg="request: {\n    \"email\": \"admin@gmail.com\",\n    \"password\": \"password\"\n}" fields.level=info group=/api/v1/auth/login request_id=155d36c06dcac90ce31d07b4d02af01c user_id=0
time="2024-08-24T02:36:02+07:00" level=info msg="request: {\n    \"email\": \"admin@gmail.com\",\n    \"password\": \"password\"\n}" fields.level=info group=/api/v1/auth/login request_id=0f6e3e9f05eeca693509156b3b95739c user_id=0
time="2024-08-24T02:36:03+07:00" level=info msg="request: {\n    \"email\": \"admin@gmail.com\",\n    \"password\": \"password\"\n}" fields.level=info group=/api/v1/auth/login request_id=26824fd063fbba8c35804903bd2f3b24 user_id=0
time="2024-08-24T02:36:04+07:00" level=info msg="request: {\n    \"email\": \"admin@gmail.com\",\n    \"password\": \"password\"\n}" fields.level=info group=/api/v1/auth/login request_id=294e61c6c6322eb4793f43fcfd946d18 user_id=0
time="2024-08-24T02:36:05+07:00" level=info msg="request: {\n    \"email\": \"admin@gmail.com\",\n    \"password\": \"password\"\n}" fields.level=info group=/api/v1/auth/login request_id=9245a4a2e074b8db181f20b683cd1269 user_id=0
time="2024-08-24T02:36:43+07:00" level=info msg="request: {\n    \"email\": \"admin@gmail.com\",\n    \"password\": \"password\"\n}" fields.level=info group=/api/v1/auth/login request_id=9c70c4b57fdef22f70ac96783db64f1d user_id=0
time="2024-08-24T02:36:47+07:00" level=info msg="request: {\n    \"email\": \"admin@gmail.com\",\n    \"password\": \"password\"\n}" fields.level=info group=/api/v1/auth/login request_id=fbc6184b459472a907b5fb3ab65e95a6 user_id=0
time="2024-08-24T02:36:49+07:00" level=info msg="request: {\n    \"email\": \"admin@gmail.com\",\n    \"password\": \"password\"\n}" fields.level=info group=/api/v1/auth/login request_id=17bc8addb0df3c7d7d0cf706b3172857 user_id=0
time="2024-08-24T02:41:05+07:00" level=info msg="request: {\n    \"email\": \"admin@gmail.com\",\n    \"password\": \"password\"\n}" fields.level=info group=/api/v1/auth/login request_id=961580a238d80273c8d83cfbe2c1e12e user_id=0
time="2024-08-24T02:41:29+07:00" level=info msg="request: {\n    \"email\": \"admin@gmail.com\",\n    \"password\": \"password\"\n}" fields.level=info group=/api/v1/auth/login request_id=b698069be4c9785f70bbb1583edcf4ff user_id=0
time="2024-08-24T02:42:06+07:00" level=info msg="request: {\n    \"email\": \"admin@gmail.com\",\n    \"password\": \"password\"\n}" fields.level=info group=/api/v1/auth/login request_id=eeb677fddb103f75192b2d73461faed6 user_id=0
time="2024-08-24T02:42:43+07:00" level=info msg="request: {\n    \"email\": \"admin@gmail.com\",\n    \"password\": \"password\"\n}" fields.level=info group=/api/v1/auth/login request_id=8567dd3f3db12c939f72ab2adc10ddb9 user_id=0
time="2024-08-24T02:42:45+07:00" level=info msg="request: {\n    \"email\": \"admin@gmail.com\",\n    \"password\": \"password\"\n}" fields.level=info group=/api/v1/auth/login request_id=c35f001c3ef86ae73d4fd9e477d4c0a0 user_id=0
time="2024-08-24T02:42:48+07:00" level=info msg="request: {\n    \"email\": \"admin@gmail.com\",\n    \"password\": \"password\"\n}" fields.level=info group=/api/v1/auth/login request_id=a8b118f2dd7080023aeae3981ecd9585 user_id=0
time="2024-08-24T02:43:18+07:00" level=info msg="request: {\n    \"email\": \"admin@gmail.com\",\n    \"password\": \"password\"\n}" fields.level=info group=/api/v1/auth/login request_id=61ec2429e09b130f089ef434c0fe8122 user_id=0
time="2024-08-24T02:52:08+07:00" level=info msg="request: {\n    \"email\": \"admin@gmail.com\",\n    \"password\": \"password\"\n}" fields.level=info group=/api/v1/auth/login request_id=cf53d63fae248f913bfe366586b60104 user_id=0
time="2024-08-24T02:52:15+07:00" level=info msg="request: {\n    \"email\": \"admin@gmail.com\",\n    \"password\": \"password\"\n}" fields.level=info group=/api/v1/auth/login request_id=f73727a86d3d3c6f9368369cc5e606d9 user_id=0
time="2024-08-24T02:52:17+07:00" level=info msg="request: {\n    \"email\": \"admin@gmail.com\",\n    \"password\": \"password\"\n}" fields.level=info group=/api/v1/auth/login request_id=92ca203ffc8217e2507c36d2b517bda8 user_id=0
time="2024-08-24T02:52:19+07:00" level=info msg="request: {\n    \"email\": \"admin@gmail.com\",\n    \"password\": \"password\"\n}" fields.level=info group=/api/v1/auth/login request_id=3dac6940409c0de19ea9b2bb00cec5fc user_id=0
time="2024-08-24T02:52:45+07:00" level=info msg="request: {\n    \"email\": \"admin@gmail.com\",\n    \"password\": \"password\"\n}" fields.level=info group=/api/v1/auth/login request_id=0f499788fe4edb4a811059d89713445e user_id=0
time="2024-08-24T02:52:48+07:00" level=info msg="request: {\n    \"email\": \"admin@gmail.com\",\n    \"password\": \"password\"\n}" fields.level=info group=/api/v1/auth/login request_id=2e76a10b469876317001134fdaf9273e user_id=0
time="2024-08-24T02:52:50+07:00" level=info msg="request: {\n    \"email\": \"admin@gmail.com\",\n    \"password\": \"password\"\n}" fields.level=info group=/api/v1/auth/login request_id=53d2f76867c6a0020bd14375dbb1b03b user_id=0
time="2024-08-24T02:52:52+07:00" level=info msg="request: {\n    \"email\": \"admin@gmail.com\",\n    \"password\": \"password\"\n}" fields.level=info group=/api/v1/auth/login request_id=49119b845e2a4b5dd751502a27e3660a user_id=0
time="2024-08-24T02:52:55+07:00" level=info msg="request: {\n    \"email\": \"admin@gmail.com\",\n    \"password\": \"password\"\n}" fields.level=info group=/api/v1/auth/login request_id=653cc224be097f1b006fb2d7e6980ff2 user_id=0
time="2024-08-24T02:52:57+07:00" level=info msg="request: {\n    \"email\": \"admin@gmail.com\",\n    \"password\": \"password\"\n}" fields.level=info group=/api/v1/auth/login request_id=850207ecb8c55ceb6dcf771b349f5fe0 user_id=0
time="2024-08-24T02:52:59+07:00" level=info msg="request: {\n    \"email\": \"admin@gmail.com\",\n    \"password\": \"password\"\n}" fields.level=info group=/api/v1/auth/login request_id=2ea490bd3495abe0017e00432b587f5a user_id=0
time="2024-08-24T02:53:01+07:00" level=info msg="request: {\n    \"email\": \"admin@gmail.com\",\n    \"password\": \"password\"\n}" fields.level=info group=/api/v1/auth/login request_id=a4f9d3045d694b2eab6f5eea8c725bd3 user_id=0
time="2024-08-24T02:53:03+07:00" level=info msg="request: {\n    \"email\": \"admin@gmail.com\",\n    \"password\": \"password\"\n}" fields.level=info group=/api/v1/auth/login request_id=810ec3a42a73fdd9b38fe0e2ef285664 user_id=0
time="2024-08-24T02:53:05+07:00" level=info msg="request: {\n    \"email\": \"admin@gmail.com\",\n    \"password\": \"password\"\n}" fields.level=info group=/api/v1/auth/login request_id=8fe430888136dcb80233d8f3d75d4e7b user_id=0
time="2024-08-24T02:53:07+07:00" level=info msg="request: {\n    \"email\": \"admin@gmail.com\",\n    \"password\": \"password\"\n}" fields.level=info group=/api/v1/auth/login request_id=71eb82eeb9874f52fe64c4f28271eda4 user_id=0
time="2024-08-24T02:53:26+07:00" level=info msg="request: {\n    \"email\": \"admin@gmail.com\",\n    \"password\": \"password\"\n}" fields.level=info group=/api/v1/auth/login request_id=6756a70338b8b75e3e3a617dc00ef6c8 user_id=0
time="2024-08-24T02:53:28+07:00" level=info msg="request: {\n    \"email\": \"admin@gmail.com\",\n    \"password\": \"password\"\n}" fields.level=info group=/api/v1/auth/login request_id=fe9cb2bf0fb02c7188561548e6d58995 user_id=0
time="2024-08-24T02:54:07+07:00" level=info msg="request: {\n    \"email\": \"admin@gmail.com\",\n    \"password\": \"password\"\n}" fields.level=info group=/api/v1/auth/login request_id=9910b8582e9dbac9f713e4f3619c1a46 user_id=0
time="2024-08-24T02:54:09+07:00" level=info msg="request: {\n    \"email\": \"admin@gmail.com\",\n    \"password\": \"password\"\n}" fields.level=info group=/api/v1/auth/login request_id=cbeb5dce72cfb5ce571ec9179f787622 user_id=0
time="2024-08-24T02:54:10+07:00" level=info msg="request: {\n    \"email\": \"admin@gmail.com\",\n    \"password\": \"password\"\n}" fields.level=info group=/api/v1/auth/login request_id=b8ca5474463d1988702a1bcdf1aa08cc user_id=0
time="2024-08-24T02:54:11+07:00" level=info msg="request: {\n    \"email\": \"admin@gmail.com\",\n    \"password\": \"password\"\n}" fields.level=info group=/api/v1/auth/login request_id=0951a7e1be6380efaeeb33b91d278bef user_id=0
time="2024-08-24T02:54:13+07:00" level=info msg="request: {\n    \"email\": \"admin@gmail.com\",\n    \"password\": \"password\"\n}" fields.level=info group=/api/v1/auth/login request_id=17196871858aa36b846563e07d715632 user_id=0
time="2024-08-24T02:59:07+07:00" level=info msg="request: {\n    \"email\": \"admin@gmail.com\",\n    \"password\": \"password\"\n}" fields.level=info group=/api/v1/auth/login request_id=fdf8656052136af8e6764fb8b476d728 user_id=0
time="2024-08-24T02:59:11+07:00" level=info msg="request: {\n    \"email\": \"admin@gmail.com\",\n    \"password\": \"password\"\n}" fields.level=info group=/api/v1/auth/login request_id=59eab0af7347ab985b37e8abca4ada92 user_id=0
time="2024-08-24T02:59:13+07:00" level=info msg="request: {\n    \"email\": \"admin@gmail.com\",\n    \"password\": \"password\"\n}" fields.level=info group=/api/v1/auth/login request_id=07332da65d2ffa3cc7255100b27c82b0 user_id=0
time="2024-08-24T02:59:15+07:00" level=info msg="request: {\n    \"email\": \"admin@gmail.com\",\n    \"password\": \"password\"\n}" fields.level=info group=/api/v1/auth/login request_id=28ad49b3ca0740c4b255c77ec30bfa68 user_id=0
time="2024-08-24T02:59:17+07:00" level=info msg="request: {\n    \"email\": \"admin@gmail.com\",\n    \"password\": \"password\"\n}" fields.level=info group=/api/v1/auth/login request_id=10c470bdf66f474f3c974c481cf6d410 user_id=0
time="2024-08-24T02:59:19+07:00" level=info msg="request: {\n    \"email\": \"admin@gmail.com\",\n    \"password\": \"password\"\n}" fields.level=info group=/api/v1/auth/login request_id=841c36ba205d4197bce288e613103ef0 user_id=0
time="2024-08-24T02:59:21+07:00" level=info msg="request: {\n    \"email\": \"admin@gmail.com\",\n    \"password\": \"password\"\n}" fields.level=info group=/api/v1/auth/login request_id=d429c9aee4b36f68c927a67c49022f14 user_id=0
time="2024-08-24T02:59:22+07:00" level=info msg="request: {\n    \"email\": \"admin@gmail.com\",\n    \"password\": \"password\"\n}" fields.level=info group=/api/v1/auth/login request_id=66d5cf9fccd77a8d8efaf55d658ec392 user_id=0
time="2024-08-24T02:59:24+07:00" level=info msg="request: {\n    \"email\": \"admin@gmail.com\",\n    \"password\": \"password\"\n}" fields.level=info group=/api/v1/auth/login request_id=847c1bd3ae8754e78ad94a834516ebbb user_id=0
time="2024-08-24T03:05:26+07:00" level=info msg="request: {\n    \"email\": \"admin@gmail.com\",\n    \"password\": \"password\"\n}" fields.level=info group=/api/v1/auth/login request_id=2a53d15ca1ca6d28cfac6c1770714923 user_id=0
time="2024-08-24T03:05:28+07:00" level=info msg="request: {\n    \"email\": \"admin@gmail.com\",\n    \"password\": \"password\"\n}" fields.level=info group=/api/v1/auth/login request_id=d68663e05ef9c483c6496d1fa2f03611 user_id=0
time="2024-08-24T03:05:29+07:00" level=info msg="request: {\n    \"email\": \"admin@gmail.com\",\n    \"password\": \"password\"\n}" fields.level=info group=/api/v1/auth/login request_id=2fd800059b4455c6c8a583f555e0bfe1 user_id=0
time="2024-08-24T03:05:31+07:00" level=info msg="request: {\n    \"email\": \"admin@gmail.com\",\n    \"password\": \"password\"\n}" fields.level=info group=/api/v1/auth/login request_id=eeb5b7c40a2cb370afe43569da9115e7 user_id=0
